gpasm-1.4.0 #1107 (May  9 2015)      pwm1.asm   8-10-2020  13:40:21         PAGE  1


LOC    OBJECT CODE    LINE  SOURCE TEXT
  VALUE

                      00001 #include "p10f200.inc"
                      00001         LIST
                      00002 
                      00003 ;==========================================================================
                      00004 ; Build date : Aug 07 2014
                      00005 ;  MPASM PIC10F200 processor include
                      00006 ; 
                      00007 ;  (c) Copyright 1999-2014 Microchip Technology, All rights reserved
                      00008 ;==========================================================================
                      00009 
                      00152         LIST
                      00002 ; CONFIG
0FFF   0FEB           00003    __CONFIG _WDT_OFF & _CP_OFF & _MCLRE_OFF
0000                  00004    ORG 0x0000
0000                  00005 INIT
0000   0CDF           00006    MOVLW  ~(1<<T0CS)               ;Enable GPIO2
0001   0002           00007    OPTION    
0002   0CF9           00008    MOVLW ~((1 << GP2) | (1 << GP1));Set GP1 and GP2 as outputs
0003   0006           00009    TRIS GPIO
0004                  00010 LOOP
0004   0546           00011    BSF GPIO, GP2                   ;Set GP2
0005   0000           00012    NOP                             ;No operation
0006   0426           00013    BCF GPIO, GP1                   ;Reset GP1
0007   090D           00014    CALL DELAY                      ;Call DELAY subroutine
0008   0446           00015    BCF GPIO, GP2                   ;Reset GP2
0009   0000           00016    NOP                             ;No operation
000A   0526           00017    BSF GPIO, GP1                   ;Set GP1
000B   090D           00018    CALL DELAY                      ;Call DELAY subroutine
000C   0A04           00019    GOTO LOOP                       ;loop forever
                      00020  
000D                  00021 DELAY                              ;Start DELAY subroutine here
000D   0C05           00022     MOVLW 5                        ;Load initial value for the delay    
000E   0030           00023     MOVWF 10                       ;Copy the value to the register 0x10
000F   0031           00024     MOVWF 11                       ;Copy the value to the register 0x11
0010   0032           00025     MOVWF 12                       ;Copy the value to the register 0x12
0011                  00026 DELAY_LOOP                         ;Start delay loop
0011   02F0           00027     DECFSZ 10, F                   ;Decrement the register 0x10 and check if not zero
0012   0A11           00028     GOTO DELAY_LOOP                ;If not then go to the DELAY_LOOP label
0013   02F1           00029     DECFSZ 11, F                   ;Else decrement the register 0x11, check if it is not 0
0014   0A11           00030     GOTO DELAY_LOOP                ;If not then go to the DELAY_LOOP label
0015   02F2           00031     DECFSZ 12, F                   ;Else decrement the register 0x12, check if it is not 0
0016   0A11           00032     GOTO DELAY_LOOP                ;If not then go to the DELAY_LOOP label
0017   0800           00033     RETLW 0                        ;Else return from the subroutine
                      00034  
                      00035     END
gpasm-1.4.0 #1107 (May  9 2015)      pwm1.asm   8-10-2020  13:40:21         PAGE  2


SYMBOL TABLE
  LABEL                             VALUE

C                                 00000000
CAL0                              00000001
CAL1                              00000002
CAL2                              00000003
CAL3                              00000004
CAL4                              00000005
CAL5                              00000006
CAL6                              00000007
DC                                00000001
DELAY                             0000000D
DELAY_LOOP                        00000011
F                                 00000001
FOSC4                             00000000
FSR                               00000004
GP0                               00000000
GP1                               00000001
GP2                               00000002
GP3                               00000003
GPIO                              00000006
GPWUF                             00000007
INDF                              00000000
INIT                              00000000
LOOP                              00000004
NOT_GPPU                          00000006
NOT_GPWU                          00000007
NOT_PD                            00000003
NOT_TO                            00000004
OSCCAL                            00000005
PCL                               00000002
PS0                               00000000
PS1                               00000001
PS2                               00000002
PSA                               00000003
STATUS                            00000003
T0CS                              00000005
T0SE                              00000004
TMR0                              00000001
TRISIO0                           00000000
TRISIO1                           00000001
TRISIO2                           00000002
TRISIO3                           00000003
W                                 00000000
Z                                 00000002
_CONFIG                           00000FFF
_CP_OFF                           00000FFF
_CP_ON                            00000FF7
_IDLOC0                           00000100
_IDLOC1                           00000101
_IDLOC2                           00000102
_IDLOC3                           00000103
_IntRC_OSC                        00000FFF
_MCLRE_OFF                        00000FEF
_MCLRE_ON                         00000FFF
gpasm-1.4.0 #1107 (May  9 2015)      pwm1.asm   8-10-2020  13:40:21         PAGE  3


SYMBOL TABLE
  LABEL                             VALUE 

_OSC_IntRC                        00000FFF
_WDTE_OFF                         00000FFB
_WDTE_ON                          00000FFF
_WDT_OFF                          00000FFB
_WDT_ON                           00000FFF
__10F200                          00000001
__CODE_END                        000000FF
__CODE_START                      00000000
__VECTOR_RESET                    00000000


MEMORY USAGE MAP ('X' = Used,  '-' = Unused)

0000 : XXXXXXXXXXXXXXXX XXXXXXXX-------- ---------------- ----------------
0FC0 : ---------------- ---------------- ---------------- ---------------X

All other memory blocks unused.

Program Memory Words Used:    24
Program Memory Words Free:   232


Errors   :     0
Warnings :     0 reported,     0 suppressed
Messages :     0 reported,     0 suppressed

