gpasm-1.4.0 #1107 (May  9 2015)    led-on.asm   8-10-2020  09:39:06         PAGE  1


LOC    OBJECT CODE    LINE  SOURCE TEXT
  VALUE

                      00001 list p=10F200
                      00002 #include <p10f200.inc>
                      00001         LIST
                      00002 
                      00003 ;==========================================================================
                      00004 ; Build date : Aug 07 2014
                      00005 ;  MPASM PIC10F200 processor include
                      00006 ; 
                      00007 ;  (c) Copyright 1999-2014 Microchip Technology, All rights reserved
                      00008 ;==========================================================================
                      00009 
                      00152         LIST
                      00003 ; CONFIG
0FFF   0FEB           00004     __CONFIG _WDT_OFF & _CP_OFF & _MCLRE_OFF
0000                  00005     ORG 0x0000
0000                  00006 INIT;                 ; We are initialising the microcontroller over the next 3 lines
0000   0CFD           00007     MOVLW ~(1 << GP1) ; These two lines get GP1 as an output ; MOVe Literal to Word
0001   0006           00008     TRIS GPIO         ; Tri State ; moves what's in W into GPIO
0002   0526           00009     BSF GPIO, GP1     ; Bit Set F ... sets GP1 output high to light the LED
0003                  00010 LOOP;
0003   0A03           00011     GOTO LOOP         ; Do nothing other than keep running
                      00012     END;
gpasm-1.4.0 #1107 (May  9 2015)    led-on.asm   8-10-2020  09:39:06         PAGE  2


SYMBOL TABLE
  LABEL                             VALUE

C                                 00000000
CAL0                              00000001
CAL1                              00000002
CAL2                              00000003
CAL3                              00000004
CAL4                              00000005
CAL5                              00000006
CAL6                              00000007
DC                                00000001
F                                 00000001
FOSC4                             00000000
FSR                               00000004
GP0                               00000000
GP1                               00000001
GP2                               00000002
GP3                               00000003
GPIO                              00000006
GPWUF                             00000007
INDF                              00000000
INIT                              00000000
LOOP                              00000003
NOT_GPPU                          00000006
NOT_GPWU                          00000007
NOT_PD                            00000003
NOT_TO                            00000004
OSCCAL                            00000005
PCL                               00000002
PS0                               00000000
PS1                               00000001
PS2                               00000002
PSA                               00000003
STATUS                            00000003
T0CS                              00000005
T0SE                              00000004
TMR0                              00000001
TRISIO0                           00000000
TRISIO1                           00000001
TRISIO2                           00000002
TRISIO3                           00000003
W                                 00000000
Z                                 00000002
_CONFIG                           00000FFF
_CP_OFF                           00000FFF
_CP_ON                            00000FF7
_IDLOC0                           00000100
_IDLOC1                           00000101
_IDLOC2                           00000102
_IDLOC3                           00000103
_IntRC_OSC                        00000FFF
_MCLRE_OFF                        00000FEF
_MCLRE_ON                         00000FFF
_OSC_IntRC                        00000FFF
_WDTE_OFF                         00000FFB
gpasm-1.4.0 #1107 (May  9 2015)    led-on.asm   8-10-2020  09:39:06         PAGE  3


SYMBOL TABLE
  LABEL                             VALUE 

_WDTE_ON                          00000FFF
_WDT_OFF                          00000FFB
_WDT_ON                           00000FFF
__10F200                          00000001
__CODE_END                        000000FF
__CODE_START                      00000000
__VECTOR_RESET                    00000000


MEMORY USAGE MAP ('X' = Used,  '-' = Unused)

0000 : XXXX------------ ---------------- ---------------- ----------------
0FC0 : ---------------- ---------------- ---------------- ---------------X

All other memory blocks unused.

Program Memory Words Used:     4
Program Memory Words Free:   252


Errors   :     0
Warnings :     0 reported,     0 suppressed
Messages :     0 reported,     0 suppressed

